TN:
SF:src/App.js
FN:4,App
FN:7,(anonymous_1)
FN:13,(anonymous_2)
FN:53,CalculateTip
FNF:4
FNH:4
FNDA:6,App
FNDA:2,(anonymous_1)
FNDA:2,(anonymous_2)
FNDA:5,CalculateTip
DA:5,6
DA:7,5
DA:8,2
DA:11,5
DA:13,5
DA:14,2
DA:17,5
DA:54,5
DA:55,5
DA:56,5
DA:57,5
DA:58,5
LF:12
LH:12
BRDA:8,0,0,2
BRDA:8,0,1,0
BRDA:14,1,0,2
BRDA:14,1,1,0
BRF:4
BRH:2
end_of_record
TN:
SF:src/index.js
FNF:0
FNH:0
DA:7,0
DA:8,0
DA:17,0
LF:3
LH:0
BRF:0
BRH:0
end_of_record
TN:
SF:src/reportWebVitals.js
FN:1,(anonymous_0)
FN:3,(anonymous_1)
FNF:2
FNH:0
FNDA:0,(anonymous_0)
FNDA:0,(anonymous_1)
DA:1,0
DA:2,0
DA:3,0
DA:4,0
DA:5,0
DA:6,0
DA:7,0
DA:8,0
LF:8
LH:0
BRDA:2,0,0,0
BRDA:2,0,1,0
BRDA:2,1,0,0
BRDA:2,1,1,0
BRF:4
BRH:0
end_of_record
